[2026-06-04 15:44:46] 🚀 DÉMARRAGE DE L'ENTRAÎNEMENT — Détection d'anomalies Safran
[2026-06-04 15:44:46] 📁 Chargement des données NASA CMAPSS...
[2026-06-04 15:44:46] ✔️ 20631 lignes chargées
[2026-06-04 15:44:46] 🔧 Préparation des features...
[2026-06-04 15:44:46] ✔️ 24 features sélectionnées
[2026-06-04 15:44:46] ✔️ Shape : (20631, 24)
[2026-06-04 15:44:46] 📐 Normalisation des features...
[2026-06-04 15:44:46] 💾 Scaler sauvegardé : models/scaler.pkl
[2026-06-04 15:44:46] 🤖 Entraînement du modèle Isolation Forest...
[2026-06-04 15:44:46]    Contamination : 0.05 (5% d'anomalies attendues)
[2026-06-04 15:44:46] ✔️ Modèle entraîné sur 20631 échantillons
[2026-06-04 15:44:46]    Normaux   : 19599 (95.0%)
[2026-06-04 15:44:46]    Anomalies : 1032 (5.0%)
[2026-06-04 15:44:46] 💾 Modèle sauvegardé : models/isolation_forest.pkl
[2026-06-04 15:44:46] 🎉 Entraînement terminé avec succès !
[2026-06-04 15:45:25] 🚀 DÉMARRAGE DE LA DÉTECTION D'ANOMALIES — Safran
[2026-06-04 15:45:25] 🤖 Chargement du modèle Isolation Forest...
[2026-06-04 15:45:26] ✔️ Modèle chargé avec succès
[2026-06-04 15:45:26] 📁 Chargement des données de test...
[2026-06-04 15:45:26] 
📊 RÉSULTATS DE DÉTECTION D'ANOMALIES
[2026-06-04 15:45:26]    Total échantillons : 20631
[2026-06-04 15:45:26]    Normaux            : 19599 (95.0%)
[2026-06-04 15:45:26]    Anomalies          : 1032 (5.0%)
[2026-06-04 15:45:26]    Score moyen        : 0.1027
[2026-06-04 15:45:26]    Score min          : -0.1283
[2026-06-04 15:45:26]    Score max          : 0.1806
[2026-06-04 15:45:26] 
💾 Résultats sauvegardés : data/predictions.csv
[2026-06-04 15:45:26] 🎉 Détection terminée.
[2026-06-04 15:46:27] 🚀 Démarrage API — chargement du modèle...
[2026-06-04 15:46:27] 🤖 Chargement du modèle Isolation Forest...
[2026-06-04 15:46:27] ✔️ Modèle chargé avec succès
[2026-06-04 15:46:27] ✔️ API prête
[2026-06-04 15:48:23] 🔍 Prédiction — unit=1 time=1
[2026-06-04 15:48:23] ✔️ Résultat : NORMAL (score: 0.120113)
[2026-06-04 15:49:31] 🚀 Démarrage API — chargement du modèle...
[2026-06-04 15:49:31] 🤖 Chargement du modèle Isolation Forest...
[2026-06-04 15:49:32] ✔️ Modèle chargé avec succès
[2026-06-04 15:49:32] ✔️ API prête
[2026-06-04 15:49:39] 🤖 Chargement du modèle Isolation Forest...
[2026-06-04 15:49:39] ✔️ Modèle chargé avec succès
[2026-06-04 15:49:39] 🤖 Chargement du modèle Isolation Forest...
[2026-06-04 15:49:39] ✔️ Modèle chargé avec succès
[2026-06-04 15:49:39] 🤖 Chargement du modèle Isolation Forest...
[2026-06-04 15:49:39] ✔️ Modèle chargé avec succès
[2026-06-04 15:49:39] 🤖 Chargement du modèle Isolation Forest...
[2026-06-04 15:49:39] ✔️ Modèle chargé avec succès
[2026-06-04 15:49:39] 🤖 Chargement du modèle Isolation Forest...
[2026-06-04 15:49:39] ✔️ Modèle chargé avec succès
[2026-06-04 15:49:39] 🤖 Chargement du modèle Isolation Forest...
[2026-06-04 15:49:39] ✔️ Modèle chargé avec succès
[2026-06-04 15:49:39] 🤖 Chargement du modèle Isolation Forest...
[2026-06-04 15:49:39] ✔️ Modèle chargé avec succès
[2026-06-04 15:49:39] 🤖 Chargement du modèle Isolation Forest...
[2026-06-04 15:49:39] ✔️ Modèle chargé avec succès
[2026-06-04 15:49:39] 🤖 Chargement du modèle Isolation Forest...
[2026-06-04 15:49:39] ✔️ Modèle chargé avec succès
[2026-06-04 15:49:39] 🤖 Chargement du modèle Isolation Forest...
[2026-06-04 15:49:39] ✔️ Modèle chargé avec succès
[2026-06-04 15:49:39] 🤖 Chargement du modèle Isolation Forest...
[2026-06-04 15:49:39] ✔️ Modèle chargé avec succès
[2026-06-04 15:49:39] 🤖 Chargement du modèle Isolation Forest...
[2026-06-04 15:49:39] ✔️ Modèle chargé avec succès
[2026-06-04 15:50:31] 🚀 Démarrage API — chargement du modèle...
[2026-06-04 15:50:31] 🤖 Chargement du modèle Isolation Forest...
[2026-06-04 15:50:32] ✔️ Modèle chargé avec succès
[2026-06-04 15:50:32] ✔️ API prête
[2026-06-04 15:50:37] 🚀 Démarrage du dashboard de monitoring...
[2026-06-04 15:50:37] 🚀 Démarrage du dashboard de monitoring...
[2026-06-04 16:03:05] 🚀 Démarrage du dashboard de monitoring...
[2026-06-04 16:03:09] 🤖 Chargement du modèle Isolation Forest...
[2026-06-04 16:03:10] ✔️ Modèle chargé avec succès
[2026-06-04 16:03:10] 🤖 Chargement du modèle Isolation Forest...
[2026-06-04 16:03:10] ✔️ Modèle chargé avec succès
[2026-06-04 16:03:10] 🤖 Chargement du modèle Isolation Forest...
[2026-06-04 16:03:10] ✔️ Modèle chargé avec succès
[2026-06-04 16:03:10] 🤖 Chargement du modèle Isolation Forest...
[2026-06-04 16:03:10] ✔️ Modèle chargé avec succès
[2026-06-04 16:03:10] 🤖 Chargement du modèle Isolation Forest...
[2026-06-04 16:03:10] ✔️ Modèle chargé avec succès
[2026-06-04 16:03:10] 🤖 Chargement du modèle Isolation Forest...
[2026-06-04 16:03:10] ✔️ Modèle chargé avec succès
[2026-06-04 16:03:10] 🤖 Chargement du modèle Isolation Forest...
[2026-06-04 16:03:10] ✔️ Modèle chargé avec succès
[2026-06-04 16:03:10] 🤖 Chargement du modèle Isolation Forest...
[2026-06-04 16:03:10] ✔️ Modèle chargé avec succès
[2026-06-04 16:03:10] 🤖 Chargement du modèle Isolation Forest...
[2026-06-04 16:03:10] ✔️ Modèle chargé avec succès
[2026-06-04 16:03:10] 🤖 Chargement du modèle Isolation Forest...
[2026-06-04 16:03:10] ✔️ Modèle chargé avec succès
[2026-06-04 16:03:10] 🤖 Chargement du modèle Isolation Forest...
[2026-06-04 16:03:10] ✔️ Modèle chargé avec succès
[2026-06-04 16:03:10] 🤖 Chargement du modèle Isolation Forest...
[2026-06-04 16:03:10] ✔️ Modèle chargé avec succès
